<?xml version="1.0" encoding="UTF-8"?>
<!-- Generated by org.testng.reporters.JUnitReportReporter -->
<testsuite hostname="DESKTOP-MPLE6QL" failures="0" tests="6" name="testCases.TC003_LoginDDT" time="64.745" errors="0" timestamp="2024-06-29T20:40:03 BST" skipped="0">
  <testcase classname="testCases.TC003_LoginDDT" name="verify_loginDDT" time="12.556"/>
  <testcase classname="testCases.TC003_LoginDDT" name="verify_loginDDT" time="11.664"/>
  <testcase classname="testCases.TC003_LoginDDT" name="verify_loginDDT" time="3.713"/>
  <testcase classname="testCases.TC003_LoginDDT" name="verify_loginDDT" time="11.439"/>
  <testcase classname="testCases.TC003_LoginDDT" name="verify_loginDDT" time="11.819"/>
  <testcase classname="testCases.TC003_LoginDDT" name="verify_loginDDT" time="13.554"/>
</testsuite> <!-- testCases.TC003_LoginDDT -->
