<?xml version="1.0" encoding="UTF-8"?>
<!-- Generated by org.testng.reporters.JUnitReportReporter -->
<testsuite hostname="DESKTOP-MPLE6QL" failures="0" tests="1" name="testCases.TC004_AddProductToCart" time="9.762" errors="0" timestamp="2024-07-05T20:15:50 BST" skipped="0">
  <testcase classname="testCases.TC004_AddProductToCart" name="verify_AddProductToCart" time="9.762"/>
</testsuite> <!-- testCases.TC004_AddProductToCart -->
