<?xml version="1.0" encoding="UTF-8"?>
<!-- Generated by org.testng.reporters.JUnitReportReporter -->
<testsuite hostname="DESKTOP-MPLE6QL" failures="0" tests="1" name="testCases.TC002_LoginTest" time="3.001" errors="0" timestamp="2024-07-05T18:29:34 BST" skipped="0">
  <testcase classname="testCases.TC002_LoginTest" name="verify_Login" time="3.001"/>
</testsuite> <!-- testCases.TC002_LoginTest -->
