<?xml version="1.0" encoding="UTF-8"?>
<!-- Generated by org.testng.reporters.JUnitReportReporter -->
<testsuite hostname="DESKTOP-MPLE6QL" failures="0" tests="1" name="testCases.TC001_AccountRegistrationTest" time="6.064" errors="0" timestamp="2024-07-05T18:29:34 BST" skipped="0">
  <testcase classname="testCases.TC001_AccountRegistrationTest" name="verify_accountRegistration" time="6.064"/>
</testsuite> <!-- testCases.TC001_AccountRegistrationTest -->
